2024-06-17 03:39:02,924 INFO o.a.j.u.JMeterUtils: Setting Locale to en_EN
2024-06-17 03:39:02,947 INFO o.a.j.JMeter: Loading user properties from: E:\apache-jmeter-5.6.3\bin\user.properties
2024-06-17 03:39:02,947 INFO o.a.j.JMeter: Loading system properties from: E:\apache-jmeter-5.6.3\bin\system.properties
2024-06-17 03:39:02,956 INFO o.a.j.JMeter: Copyright (c) 1998-2024 The Apache Software Foundation
2024-06-17 03:39:02,956 INFO o.a.j.JMeter: Version 5.6.3
2024-06-17 03:39:02,956 INFO o.a.j.JMeter: java.version=17.0.10
2024-06-17 03:39:02,956 INFO o.a.j.JMeter: java.vm.name=Java HotSpot(TM) 64-Bit Server VM
2024-06-17 03:39:02,957 INFO o.a.j.JMeter: os.name=Windows 10
2024-06-17 03:39:02,957 INFO o.a.j.JMeter: os.arch=amd64
2024-06-17 03:39:04,691 INFO o.a.j.JMeter: os.version=10.0
2024-06-17 03:39:04,691 INFO o.a.j.JMeter: file.encoding=Cp1252
2024-06-17 03:39:04,691 INFO o.a.j.JMeter: java.awt.headless=true
2024-06-17 03:39:04,691 INFO o.a.j.JMeter: Max memory     =1073741824
2024-06-17 03:39:04,692 INFO o.a.j.JMeter: Available Processors =8
2024-06-17 03:39:04,700 INFO o.a.j.JMeter: Default Locale=English (EN)
2024-06-17 03:39:04,700 INFO o.a.j.JMeter: JMeter  Locale=English (EN)
2024-06-17 03:39:04,700 INFO o.a.j.JMeter: JMeterHome=E:\apache-jmeter-5.6.3
2024-06-17 03:39:04,700 INFO o.a.j.JMeter: user.dir  =E:\apache-jmeter-5.6.3\bin\Load test 11
2024-06-17 03:39:04,701 INFO o.a.j.JMeter: PWD       =E:\apache-jmeter-5.6.3\bin\Load test 11
2024-06-17 03:39:04,704 INFO o.a.j.JMeter: IP: 192.168.1.27 Name: DESKTOP-AHFSKGR FullName: DESKTOP-AHFSKGR
2024-06-17 03:39:04,716 INFO o.a.j.JMeter: Setting property 'jmeter.reportgenerator.outputdir' to:'E:\apache-jmeter-5.6.3\bin\Load test 11\Reports'
2024-06-17 03:39:04,719 INFO o.a.j.s.FileServer: Default base='E:\apache-jmeter-5.6.3\bin\Load test 11'
2024-06-17 03:39:04,721 INFO o.a.j.s.FileServer: Set new base='E:\apache-jmeter-5.6.3\bin\Load test 11\.'
2024-06-17 03:39:04,942 INFO o.a.j.s.SaveService: Testplan (JMX) version: 2.2. Testlog (JTL) version: 2.2
2024-06-17 03:39:04,973 INFO o.a.j.s.SaveService: Using SaveService properties version 5.0
2024-06-17 03:39:04,977 INFO o.a.j.s.SaveService: Using SaveService properties file encoding UTF-8
2024-06-17 03:39:04,981 INFO o.a.j.s.SaveService: Loading file: .\Book-api.jmx
2024-06-17 03:39:05,061 INFO o.a.j.p.h.s.HTTPSamplerBase: Parser for text/html is org.apache.jmeter.protocol.http.parser.LagartoBasedHtmlParser
2024-06-17 03:39:05,062 INFO o.a.j.p.h.s.HTTPSamplerBase: Parser for application/xhtml+xml is org.apache.jmeter.protocol.http.parser.LagartoBasedHtmlParser
2024-06-17 03:39:05,062 INFO o.a.j.p.h.s.HTTPSamplerBase: Parser for application/xml is org.apache.jmeter.protocol.http.parser.LagartoBasedHtmlParser
2024-06-17 03:39:05,062 INFO o.a.j.p.h.s.HTTPSamplerBase: Parser for text/xml is org.apache.jmeter.protocol.http.parser.LagartoBasedHtmlParser
2024-06-17 03:39:05,062 INFO o.a.j.p.h.s.HTTPSamplerBase: Parser for text/vnd.wap.wml is org.apache.jmeter.protocol.http.parser.RegexpHTMLParser
2024-06-17 03:39:05,062 INFO o.a.j.p.h.s.HTTPSamplerBase: Parser for text/css is org.apache.jmeter.protocol.http.parser.CssParser
2024-06-17 03:39:05,089 INFO o.a.j.JMeter: Creating summariser <summary>
2024-06-17 03:39:05,094 INFO o.a.j.r.d.ReportGenerator: ReportGenerator will use for Parsing the separator: ','
2024-06-17 03:39:05,094 INFO o.a.j.r.d.ReportGenerator: Will generate report at end of test from  results file: .\Book-api.csv
2024-06-17 03:39:05,094 INFO o.a.j.r.d.ReportGenerator: Reading report generator properties from: E:\apache-jmeter-5.6.3\bin\reportgenerator.properties
2024-06-17 03:39:05,094 INFO o.a.j.r.d.ReportGenerator: Merging with JMeter properties
2024-06-17 03:39:05,099 INFO o.a.j.r.c.ReportGeneratorConfiguration: Property 'jmeter.reportgenerator.temp_dir' not found, using default value 'temp' instead.
2024-06-17 03:39:05,102 INFO o.a.j.r.c.ReportGeneratorConfiguration: Property 'jmeter.reportgenerator.apdex_per_transaction' not found, using default value 'null' instead.
2024-06-17 03:39:05,102 INFO o.a.j.r.c.ReportGeneratorConfiguration: apdex_per_transaction is empty, not APDEX per transaction customization
2024-06-17 03:39:05,102 INFO o.a.j.r.c.ReportGeneratorConfiguration: Property 'jmeter.reportgenerator.sample_filter' not found, using default value 'null' instead.
2024-06-17 03:39:05,102 INFO o.a.j.r.c.ReportGeneratorConfiguration: Property 'jmeter.reportgenerator.report_title' not found, using default value 'null' instead.
2024-06-17 03:39:05,103 INFO o.a.j.r.c.ReportGeneratorConfiguration: Property 'jmeter.reportgenerator.start_date' not found, using default value 'null' instead.
2024-06-17 03:39:05,103 INFO o.a.j.r.c.ReportGeneratorConfiguration: Property 'jmeter.reportgenerator.end_date' not found, using default value 'null' instead.
2024-06-17 03:39:05,103 INFO o.a.j.r.c.ReportGeneratorConfiguration: Property 'jmeter.reportgenerator.date_format' not found, using default value 'null' instead.
2024-06-17 03:39:05,103 INFO o.a.j.r.c.ReportGeneratorConfiguration: Will use date range start date: null, end date: null
2024-06-17 03:39:05,108 INFO o.a.j.r.c.ReportGeneratorConfiguration: Property 'jmeter.reportgenerator.graph.totalTPS.exclude_controllers' not found, using default value 'false' instead.
2024-06-17 03:39:05,108 INFO o.a.j.r.c.ReportGeneratorConfiguration: Property 'jmeter.reportgenerator.graph.activeThreadsOverTime.exclude_controllers' not found, using default value 'false' instead.
2024-06-17 03:39:05,108 INFO o.a.j.r.c.ReportGeneratorConfiguration: Property 'jmeter.reportgenerator.graph.timeVsThreads.exclude_controllers' not found, using default value 'false' instead.
2024-06-17 03:39:05,109 INFO o.a.j.r.c.ReportGeneratorConfiguration: Property 'jmeter.reportgenerator.graph.responseTimeDistribution.exclude_controllers' not found, using default value 'false' instead.
2024-06-17 03:39:05,109 INFO o.a.j.r.c.ReportGeneratorConfiguration: Property 'jmeter.reportgenerator.graph.transactionsPerSecond.exclude_controllers' not found, using default value 'false' instead.
2024-06-17 03:39:05,109 INFO o.a.j.r.c.ReportGeneratorConfiguration: Property 'jmeter.reportgenerator.graph.responseTimePercentiles.exclude_controllers' not found, using default value 'false' instead.
2024-06-17 03:39:05,109 INFO o.a.j.r.c.ReportGeneratorConfiguration: Property 'jmeter.reportgenerator.graph.responseTimePercentilesOverTime.exclude_controllers' not found, using default value 'false' instead.
2024-06-17 03:39:05,109 INFO o.a.j.r.c.ReportGeneratorConfiguration: Property 'jmeter.reportgenerator.graph.responseTimesOverTime.exclude_controllers' not found, using default value 'false' instead.
2024-06-17 03:39:05,110 INFO o.a.j.r.c.ReportGeneratorConfiguration: Property 'jmeter.reportgenerator.graph.connectTimeOverTime.exclude_controllers' not found, using default value 'false' instead.
2024-06-17 03:39:05,110 INFO o.a.j.r.c.ReportGeneratorConfiguration: Property 'jmeter.reportgenerator.graph.latenciesOverTime.exclude_controllers' not found, using default value 'false' instead.
2024-06-17 03:39:05,111 INFO o.a.j.r.c.ReportGeneratorConfiguration: Property 'jmeter.reportgenerator.exporter.json.filters_only_sample_series' not found, using default value 'true' instead.
2024-06-17 03:39:05,111 INFO o.a.j.r.c.ReportGeneratorConfiguration: Property 'jmeter.reportgenerator.exporter.json.series_filter' not found, using default value '' instead.
2024-06-17 03:39:05,111 INFO o.a.j.r.c.ReportGeneratorConfiguration: Property 'jmeter.reportgenerator.exporter.json.show_controllers_only' not found, using default value 'false' instead.
2024-06-17 03:39:05,111 INFO o.a.j.r.c.ReportGeneratorConfiguration: Property 'jmeter.reportgenerator.exporter.html.filters_only_sample_series' not found, using default value 'true' instead.
2024-06-17 03:39:05,112 INFO o.a.j.r.c.ReportGeneratorConfiguration: Property 'jmeter.reportgenerator.exporter.html.series_filter' not found, using default value '' instead.
2024-06-17 03:39:05,112 INFO o.a.j.r.c.ReportGeneratorConfiguration: Property 'jmeter.reportgenerator.exporter.html.show_controllers_only' not found, using default value 'false' instead.
2024-06-17 03:39:05,125 INFO o.a.j.e.StandardJMeterEngine: Running the test!
2024-06-17 03:39:05,126 INFO o.a.j.s.SampleEvent: List of sample_variables: []
2024-06-17 03:39:05,127 INFO o.a.j.s.SampleEvent: List of sample_variables: []
2024-06-17 03:39:05,135 INFO o.a.j.e.u.CompoundVariable: Note: Function class names must contain the string: '.functions.'
2024-06-17 03:39:05,135 INFO o.a.j.e.u.CompoundVariable: Note: Function class names must not contain the string: '.gui.'
2024-06-17 03:39:05,216 INFO o.a.j.JMeter: Running test (1718573945216)
2024-06-17 03:39:05,235 INFO o.a.j.e.StandardJMeterEngine: Starting ThreadGroup: 1 : Book api
2024-06-17 03:39:05,235 INFO o.a.j.e.StandardJMeterEngine: Starting 166 threads for group Book api.
2024-06-17 03:39:05,235 INFO o.a.j.e.StandardJMeterEngine: Thread will continue on error
2024-06-17 03:39:05,235 INFO o.a.j.t.ThreadGroup: Starting thread group... number=1 threads=166 ramp-up=60 delayedStart=false
2024-06-17 03:39:05,243 INFO o.a.j.t.JMeterThread: Thread started: Book api 1-1
2024-06-17 03:39:05,265 INFO o.a.j.p.h.s.HTTPHCAbstractImpl: Local host = DESKTOP-AHFSKGR
2024-06-17 03:39:05,278 INFO o.a.j.p.h.s.HTTPHC4Impl: HTTP request retry count = 0
2024-06-17 03:39:05,281 INFO o.a.j.s.SampleResult: Note: Sample TimeStamps are START times
2024-06-17 03:39:05,281 INFO o.a.j.s.SampleResult: sampleresult.default.encoding is set to UTF-8
2024-06-17 03:39:05,281 INFO o.a.j.s.SampleResult: sampleresult.useNanoTime=true
2024-06-17 03:39:05,281 INFO o.a.j.s.SampleResult: sampleresult.nanoThreadSleep=5000
2024-06-17 03:39:05,290 INFO o.a.j.t.ThreadGroup: Started thread group number 1
2024-06-17 03:39:05,290 INFO o.a.j.e.StandardJMeterEngine: All thread groups have been started
2024-06-17 03:39:05,392 INFO o.a.j.p.h.s.h.LazyLayeredConnectionSocketFactory: Setting up HTTPS TrustAll Socket Factory
2024-06-17 03:39:05,397 INFO o.a.j.u.JsseSSLManager: Using default SSL protocol: TLS
2024-06-17 03:39:05,397 INFO o.a.j.u.JsseSSLManager: SSL session context: per-thread
2024-06-17 03:39:05,601 INFO o.a.j.t.JMeterThread: Thread started: Book api 1-2
2024-06-17 03:39:05,725 INFO o.a.j.u.SSLManager: JmeterKeyStore Location:  type JKS
2024-06-17 03:39:05,728 INFO o.a.j.u.SSLManager: KeyStore created OK
2024-06-17 03:39:05,728 WARN o.a.j.u.SSLManager: Keystore file not found, loading empty keystore
2024-06-17 03:39:05,962 INFO o.a.j.t.JMeterThread: Thread started: Book api 1-3
2024-06-17 03:39:06,322 INFO o.a.j.t.JMeterThread: Thread started: Book api 1-4
2024-06-17 03:39:06,551 INFO o.a.j.t.JMeterThread: Thread is done: Book api 1-1
2024-06-17 03:39:06,551 INFO o.a.j.t.JMeterThread: Thread is done: Book api 1-2
2024-06-17 03:39:06,551 INFO o.a.j.t.JMeterThread: Thread finished: Book api 1-1
2024-06-17 03:39:06,551 INFO o.a.j.t.JMeterThread: Thread finished: Book api 1-2
2024-06-17 03:39:06,683 INFO o.a.j.t.JMeterThread: Thread started: Book api 1-5
2024-06-17 03:39:06,837 INFO o.a.j.t.JMeterThread: Thread is done: Book api 1-3
2024-06-17 03:39:06,837 INFO o.a.j.t.JMeterThread: Thread finished: Book api 1-3
2024-06-17 03:39:07,044 INFO o.a.j.t.JMeterThread: Thread started: Book api 1-6
2024-06-17 03:39:07,129 INFO o.a.j.t.JMeterThread: Thread is done: Book api 1-4
2024-06-17 03:39:07,129 INFO o.a.j.t.JMeterThread: Thread finished: Book api 1-4
2024-06-17 03:39:07,403 INFO o.a.j.t.JMeterThread: Thread started: Book api 1-7
2024-06-17 03:39:07,476 INFO o.a.j.t.JMeterThread: Thread is done: Book api 1-5
2024-06-17 03:39:07,476 INFO o.a.j.t.JMeterThread: Thread finished: Book api 1-5
2024-06-17 03:39:07,765 INFO o.a.j.t.JMeterThread: Thread started: Book api 1-8
2024-06-17 03:39:07,826 INFO o.a.j.t.JMeterThread: Thread is done: Book api 1-6
2024-06-17 03:39:07,826 INFO o.a.j.t.JMeterThread: Thread finished: Book api 1-6
2024-06-17 03:39:08,125 INFO o.a.j.t.JMeterThread: Thread started: Book api 1-9
2024-06-17 03:39:08,200 INFO o.a.j.t.JMeterThread: Thread is done: Book api 1-7
2024-06-17 03:39:08,200 INFO o.a.j.t.JMeterThread: Thread finished: Book api 1-7
2024-06-17 03:39:08,486 INFO o.a.j.t.JMeterThread: Thread started: Book api 1-10
2024-06-17 03:39:08,562 INFO o.a.j.t.JMeterThread: Thread is done: Book api 1-8
2024-06-17 03:39:08,562 INFO o.a.j.t.JMeterThread: Thread finished: Book api 1-8
2024-06-17 03:39:08,847 INFO o.a.j.t.JMeterThread: Thread started: Book api 1-11
2024-06-17 03:39:08,923 INFO o.a.j.t.JMeterThread: Thread is done: Book api 1-9
2024-06-17 03:39:08,923 INFO o.a.j.t.JMeterThread: Thread finished: Book api 1-9
2024-06-17 03:39:09,208 INFO o.a.j.t.JMeterThread: Thread started: Book api 1-12
2024-06-17 03:39:09,310 INFO o.a.j.t.JMeterThread: Thread is done: Book api 1-10
2024-06-17 03:39:09,310 INFO o.a.j.t.JMeterThread: Thread finished: Book api 1-10
2024-06-17 03:39:09,569 INFO o.a.j.t.JMeterThread: Thread started: Book api 1-13
2024-06-17 03:39:09,633 INFO o.a.j.t.JMeterThread: Thread is done: Book api 1-11
2024-06-17 03:39:09,633 INFO o.a.j.t.JMeterThread: Thread finished: Book api 1-11
2024-06-17 03:39:09,931 INFO o.a.j.t.JMeterThread: Thread started: Book api 1-14
2024-06-17 03:39:10,024 INFO o.a.j.t.JMeterThread: Thread is done: Book api 1-12
2024-06-17 03:39:10,024 INFO o.a.j.t.JMeterThread: Thread finished: Book api 1-12
2024-06-17 03:39:10,291 INFO o.a.j.t.JMeterThread: Thread started: Book api 1-15
2024-06-17 03:39:10,363 INFO o.a.j.t.JMeterThread: Thread is done: Book api 1-13
2024-06-17 03:39:10,363 INFO o.a.j.t.JMeterThread: Thread finished: Book api 1-13
2024-06-17 03:39:10,652 INFO o.a.j.t.JMeterThread: Thread started: Book api 1-16
2024-06-17 03:39:10,748 INFO o.a.j.t.JMeterThread: Thread is done: Book api 1-14
2024-06-17 03:39:10,748 INFO o.a.j.t.JMeterThread: Thread finished: Book api 1-14
2024-06-17 03:39:11,013 INFO o.a.j.t.JMeterThread: Thread started: Book api 1-17
2024-06-17 03:39:11,083 INFO o.a.j.t.JMeterThread: Thread is done: Book api 1-15
2024-06-17 03:39:11,083 INFO o.a.j.t.JMeterThread: Thread finished: Book api 1-15
2024-06-17 03:39:11,375 INFO o.a.j.t.JMeterThread: Thread started: Book api 1-18
2024-06-17 03:39:11,432 INFO o.a.j.t.JMeterThread: Thread is done: Book api 1-16
2024-06-17 03:39:11,432 INFO o.a.j.t.JMeterThread: Thread finished: Book api 1-16
2024-06-17 03:39:11,735 INFO o.a.j.t.JMeterThread: Thread started: Book api 1-19
2024-06-17 03:39:11,839 INFO o.a.j.t.JMeterThread: Thread is done: Book api 1-17
2024-06-17 03:39:11,840 INFO o.a.j.t.JMeterThread: Thread finished: Book api 1-17
2024-06-17 03:39:12,096 INFO o.a.j.t.JMeterThread: Thread started: Book api 1-20
2024-06-17 03:39:12,175 INFO o.a.j.t.JMeterThread: Thread is done: Book api 1-18
2024-06-17 03:39:12,175 INFO o.a.j.t.JMeterThread: Thread finished: Book api 1-18
2024-06-17 03:39:12,457 INFO o.a.j.t.JMeterThread: Thread started: Book api 1-21
2024-06-17 03:39:12,502 INFO o.a.j.t.JMeterThread: Thread is done: Book api 1-19
2024-06-17 03:39:12,502 INFO o.a.j.t.JMeterThread: Thread finished: Book api 1-19
2024-06-17 03:39:12,819 INFO o.a.j.t.JMeterThread: Thread started: Book api 1-22
2024-06-17 03:39:12,873 INFO o.a.j.t.JMeterThread: Thread is done: Book api 1-20
2024-06-17 03:39:12,873 INFO o.a.j.t.JMeterThread: Thread finished: Book api 1-20
2024-06-17 03:39:13,180 INFO o.a.j.t.JMeterThread: Thread started: Book api 1-23
2024-06-17 03:39:13,254 INFO o.a.j.t.JMeterThread: Thread is done: Book api 1-21
2024-06-17 03:39:13,255 INFO o.a.j.t.JMeterThread: Thread finished: Book api 1-21
2024-06-17 03:39:13,540 INFO o.a.j.t.JMeterThread: Thread started: Book api 1-24
2024-06-17 03:39:13,607 INFO o.a.j.t.JMeterThread: Thread is done: Book api 1-22
2024-06-17 03:39:13,607 INFO o.a.j.t.JMeterThread: Thread finished: Book api 1-22
2024-06-17 03:39:13,901 INFO o.a.j.t.JMeterThread: Thread started: Book api 1-25
2024-06-17 03:39:13,984 INFO o.a.j.t.JMeterThread: Thread is done: Book api 1-23
2024-06-17 03:39:13,984 INFO o.a.j.t.JMeterThread: Thread finished: Book api 1-23
2024-06-17 03:39:14,262 INFO o.a.j.t.JMeterThread: Thread started: Book api 1-26
2024-06-17 03:39:14,347 INFO o.a.j.t.JMeterThread: Thread is done: Book api 1-24
2024-06-17 03:39:14,347 INFO o.a.j.t.JMeterThread: Thread finished: Book api 1-24
2024-06-17 03:39:14,623 INFO o.a.j.t.JMeterThread: Thread started: Book api 1-27
2024-06-17 03:39:14,709 INFO o.a.j.t.JMeterThread: Thread is done: Book api 1-25
2024-06-17 03:39:14,709 INFO o.a.j.t.JMeterThread: Thread finished: Book api 1-25
2024-06-17 03:39:14,986 INFO o.a.j.t.JMeterThread: Thread started: Book api 1-28
2024-06-17 03:39:15,048 INFO o.a.j.t.JMeterThread: Thread is done: Book api 1-26
2024-06-17 03:39:15,048 INFO o.a.j.t.JMeterThread: Thread finished: Book api 1-26
2024-06-17 03:39:15,346 INFO o.a.j.t.JMeterThread: Thread started: Book api 1-29
2024-06-17 03:39:15,403 INFO o.a.j.t.JMeterThread: Thread is done: Book api 1-27
2024-06-17 03:39:15,403 INFO o.a.j.t.JMeterThread: Thread finished: Book api 1-27
2024-06-17 03:39:15,706 INFO o.a.j.t.JMeterThread: Thread started: Book api 1-30
2024-06-17 03:39:15,771 INFO o.a.j.t.JMeterThread: Thread is done: Book api 1-28
2024-06-17 03:39:15,771 INFO o.a.j.t.JMeterThread: Thread finished: Book api 1-28
2024-06-17 03:39:16,067 INFO o.a.j.t.JMeterThread: Thread started: Book api 1-31
2024-06-17 03:39:16,140 INFO o.a.j.t.JMeterThread: Thread is done: Book api 1-29
2024-06-17 03:39:16,140 INFO o.a.j.t.JMeterThread: Thread finished: Book api 1-29
2024-06-17 03:39:16,427 INFO o.a.j.t.JMeterThread: Thread started: Book api 1-32
2024-06-17 03:39:16,502 INFO o.a.j.t.JMeterThread: Thread is done: Book api 1-30
2024-06-17 03:39:16,502 INFO o.a.j.t.JMeterThread: Thread finished: Book api 1-30
2024-06-17 03:39:16,788 INFO o.a.j.t.JMeterThread: Thread started: Book api 1-33
2024-06-17 03:39:16,858 INFO o.a.j.t.JMeterThread: Thread is done: Book api 1-31
2024-06-17 03:39:16,858 INFO o.a.j.t.JMeterThread: Thread finished: Book api 1-31
2024-06-17 03:39:17,150 INFO o.a.j.t.JMeterThread: Thread started: Book api 1-34
2024-06-17 03:39:17,214 INFO o.a.j.t.JMeterThread: Thread is done: Book api 1-32
2024-06-17 03:39:17,214 INFO o.a.j.t.JMeterThread: Thread finished: Book api 1-32
2024-06-17 03:39:17,512 INFO o.a.j.t.JMeterThread: Thread started: Book api 1-35
2024-06-17 03:39:17,580 INFO o.a.j.t.JMeterThread: Thread is done: Book api 1-33
2024-06-17 03:39:17,580 INFO o.a.j.t.JMeterThread: Thread finished: Book api 1-33
2024-06-17 03:39:17,872 INFO o.a.j.t.JMeterThread: Thread started: Book api 1-36
2024-06-17 03:39:17,940 INFO o.a.j.t.JMeterThread: Thread is done: Book api 1-34
2024-06-17 03:39:17,942 INFO o.a.j.t.JMeterThread: Thread finished: Book api 1-34
2024-06-17 03:39:18,233 INFO o.a.j.t.JMeterThread: Thread started: Book api 1-37
2024-06-17 03:39:18,296 INFO o.a.j.t.JMeterThread: Thread is done: Book api 1-35
2024-06-17 03:39:18,296 INFO o.a.j.t.JMeterThread: Thread finished: Book api 1-35
2024-06-17 03:39:18,594 INFO o.a.j.t.JMeterThread: Thread started: Book api 1-38
2024-06-17 03:39:18,665 INFO o.a.j.t.JMeterThread: Thread is done: Book api 1-36
2024-06-17 03:39:18,665 INFO o.a.j.t.JMeterThread: Thread finished: Book api 1-36
2024-06-17 03:39:18,956 INFO o.a.j.t.JMeterThread: Thread started: Book api 1-39
2024-06-17 03:39:19,006 INFO o.a.j.t.JMeterThread: Thread is done: Book api 1-37
2024-06-17 03:39:19,006 INFO o.a.j.t.JMeterThread: Thread finished: Book api 1-37
2024-06-17 03:39:19,316 INFO o.a.j.t.JMeterThread: Thread started: Book api 1-40
2024-06-17 03:39:19,393 INFO o.a.j.t.JMeterThread: Thread is done: Book api 1-38
2024-06-17 03:39:19,393 INFO o.a.j.t.JMeterThread: Thread finished: Book api 1-38
2024-06-17 03:39:19,677 INFO o.a.j.t.JMeterThread: Thread started: Book api 1-41
2024-06-17 03:39:19,755 INFO o.a.j.t.JMeterThread: Thread is done: Book api 1-39
2024-06-17 03:39:19,755 INFO o.a.j.t.JMeterThread: Thread finished: Book api 1-39
2024-06-17 03:39:20,046 INFO o.a.j.t.JMeterThread: Thread started: Book api 1-42
2024-06-17 03:39:20,082 INFO o.a.j.t.JMeterThread: Thread is done: Book api 1-40
2024-06-17 03:39:20,082 INFO o.a.j.t.JMeterThread: Thread finished: Book api 1-40
2024-06-17 03:39:20,400 INFO o.a.j.t.JMeterThread: Thread started: Book api 1-43
2024-06-17 03:39:20,448 INFO o.a.j.t.JMeterThread: Thread is done: Book api 1-41
2024-06-17 03:39:20,448 INFO o.a.j.t.JMeterThread: Thread finished: Book api 1-41
2024-06-17 03:39:20,760 INFO o.a.j.t.JMeterThread: Thread started: Book api 1-44
2024-06-17 03:39:20,832 INFO o.a.j.t.JMeterThread: Thread is done: Book api 1-42
2024-06-17 03:39:20,832 INFO o.a.j.t.JMeterThread: Thread finished: Book api 1-42
2024-06-17 03:39:21,120 INFO o.a.j.t.JMeterThread: Thread started: Book api 1-45
2024-06-17 03:39:21,202 INFO o.a.j.t.JMeterThread: Thread is done: Book api 1-43
2024-06-17 03:39:21,203 INFO o.a.j.t.JMeterThread: Thread finished: Book api 1-43
2024-06-17 03:39:21,484 INFO o.a.j.t.JMeterThread: Thread started: Book api 1-46
2024-06-17 03:39:21,550 INFO o.a.j.t.JMeterThread: Thread is done: Book api 1-44
2024-06-17 03:39:21,551 INFO o.a.j.t.JMeterThread: Thread finished: Book api 1-44
2024-06-17 03:39:21,842 INFO o.a.j.t.JMeterThread: Thread started: Book api 1-47
2024-06-17 03:39:21,927 INFO o.a.j.t.JMeterThread: Thread is done: Book api 1-45
2024-06-17 03:39:21,927 INFO o.a.j.t.JMeterThread: Thread finished: Book api 1-45
2024-06-17 03:39:22,205 INFO o.a.j.t.JMeterThread: Thread started: Book api 1-48
2024-06-17 03:39:22,265 INFO o.a.j.t.JMeterThread: Thread is done: Book api 1-46
2024-06-17 03:39:22,265 INFO o.a.j.t.JMeterThread: Thread finished: Book api 1-46
2024-06-17 03:39:22,565 INFO o.a.j.t.JMeterThread: Thread started: Book api 1-49
2024-06-17 03:39:22,637 INFO o.a.j.t.JMeterThread: Thread is done: Book api 1-47
2024-06-17 03:39:22,637 INFO o.a.j.t.JMeterThread: Thread finished: Book api 1-47
2024-06-17 03:39:22,926 INFO o.a.j.t.JMeterThread: Thread started: Book api 1-50
2024-06-17 03:39:22,981 INFO o.a.j.t.JMeterThread: Thread is done: Book api 1-48
2024-06-17 03:39:22,981 INFO o.a.j.t.JMeterThread: Thread finished: Book api 1-48
2024-06-17 03:39:23,298 INFO o.a.j.t.JMeterThread: Thread started: Book api 1-51
2024-06-17 03:39:23,374 INFO o.a.j.t.JMeterThread: Thread is done: Book api 1-49
2024-06-17 03:39:23,374 INFO o.a.j.t.JMeterThread: Thread finished: Book api 1-49
2024-06-17 03:39:23,648 INFO o.a.j.t.JMeterThread: Thread started: Book api 1-52
2024-06-17 03:39:23,699 INFO o.a.j.t.JMeterThread: Thread is done: Book api 1-50
2024-06-17 03:39:23,699 INFO o.a.j.t.JMeterThread: Thread finished: Book api 1-50
2024-06-17 03:39:24,010 INFO o.a.j.t.JMeterThread: Thread started: Book api 1-53
2024-06-17 03:39:24,084 INFO o.a.j.t.JMeterThread: Thread is done: Book api 1-51
2024-06-17 03:39:24,085 INFO o.a.j.t.JMeterThread: Thread finished: Book api 1-51
2024-06-17 03:39:24,370 INFO o.a.j.t.JMeterThread: Thread started: Book api 1-54
2024-06-17 03:39:24,429 INFO o.a.j.t.JMeterThread: Thread is done: Book api 1-52
2024-06-17 03:39:24,429 INFO o.a.j.t.JMeterThread: Thread finished: Book api 1-52
2024-06-17 03:39:24,732 INFO o.a.j.t.JMeterThread: Thread started: Book api 1-55
2024-06-17 03:39:24,793 INFO o.a.j.t.JMeterThread: Thread is done: Book api 1-53
2024-06-17 03:39:24,793 INFO o.a.j.t.JMeterThread: Thread finished: Book api 1-53
2024-06-17 03:39:25,093 INFO o.a.j.t.JMeterThread: Thread started: Book api 1-56
2024-06-17 03:39:25,176 INFO o.a.j.t.JMeterThread: Thread is done: Book api 1-54
2024-06-17 03:39:25,176 INFO o.a.j.t.JMeterThread: Thread finished: Book api 1-54
2024-06-17 03:39:25,452 INFO o.a.j.t.JMeterThread: Thread started: Book api 1-57
2024-06-17 03:39:25,508 INFO o.a.j.t.JMeterThread: Thread is done: Book api 1-55
2024-06-17 03:39:25,508 INFO o.a.j.t.JMeterThread: Thread finished: Book api 1-55
2024-06-17 03:39:25,813 INFO o.a.j.t.JMeterThread: Thread started: Book api 1-58
2024-06-17 03:39:25,870 INFO o.a.j.t.JMeterThread: Thread is done: Book api 1-56
2024-06-17 03:39:25,870 INFO o.a.j.t.JMeterThread: Thread finished: Book api 1-56
2024-06-17 03:39:26,176 INFO o.a.j.t.JMeterThread: Thread started: Book api 1-59
2024-06-17 03:39:26,251 INFO o.a.j.t.JMeterThread: Thread is done: Book api 1-57
2024-06-17 03:39:26,252 INFO o.a.j.t.JMeterThread: Thread finished: Book api 1-57
2024-06-17 03:39:26,536 INFO o.a.j.t.JMeterThread: Thread started: Book api 1-60
2024-06-17 03:39:26,594 INFO o.a.j.t.JMeterThread: Thread is done: Book api 1-58
2024-06-17 03:39:26,594 INFO o.a.j.t.JMeterThread: Thread finished: Book api 1-58
2024-06-17 03:39:26,896 INFO o.a.j.t.JMeterThread: Thread started: Book api 1-61
2024-06-17 03:39:26,947 INFO o.a.j.t.JMeterThread: Thread is done: Book api 1-59
2024-06-17 03:39:26,948 INFO o.a.j.t.JMeterThread: Thread finished: Book api 1-59
2024-06-17 03:39:27,257 INFO o.a.j.t.JMeterThread: Thread started: Book api 1-62
2024-06-17 03:39:27,334 INFO o.a.j.t.JMeterThread: Thread is done: Book api 1-60
2024-06-17 03:39:27,334 INFO o.a.j.t.JMeterThread: Thread finished: Book api 1-60
2024-06-17 03:39:27,620 INFO o.a.j.t.JMeterThread: Thread started: Book api 1-63
2024-06-17 03:39:27,694 INFO o.a.j.t.JMeterThread: Thread is done: Book api 1-61
2024-06-17 03:39:27,694 INFO o.a.j.t.JMeterThread: Thread finished: Book api 1-61
2024-06-17 03:39:27,980 INFO o.a.j.t.JMeterThread: Thread started: Book api 1-64
2024-06-17 03:39:28,075 INFO o.a.j.t.JMeterThread: Thread is done: Book api 1-62
2024-06-17 03:39:28,075 INFO o.a.j.t.JMeterThread: Thread finished: Book api 1-62
2024-06-17 03:39:28,341 INFO o.a.j.t.JMeterThread: Thread started: Book api 1-65
2024-06-17 03:39:28,423 INFO o.a.j.t.JMeterThread: Thread is done: Book api 1-63
2024-06-17 03:39:28,423 INFO o.a.j.t.JMeterThread: Thread finished: Book api 1-63
2024-06-17 03:39:28,702 INFO o.a.j.t.JMeterThread: Thread started: Book api 1-66
2024-06-17 03:39:28,762 INFO o.a.j.t.JMeterThread: Thread is done: Book api 1-64
2024-06-17 03:39:28,762 INFO o.a.j.t.JMeterThread: Thread finished: Book api 1-64
2024-06-17 03:39:29,063 INFO o.a.j.t.JMeterThread: Thread started: Book api 1-67
2024-06-17 03:39:29,159 INFO o.a.j.t.JMeterThread: Thread is done: Book api 1-65
2024-06-17 03:39:29,159 INFO o.a.j.t.JMeterThread: Thread finished: Book api 1-65
2024-06-17 03:39:29,426 INFO o.a.j.t.JMeterThread: Thread started: Book api 1-68
2024-06-17 03:39:29,499 INFO o.a.j.t.JMeterThread: Thread is done: Book api 1-66
2024-06-17 03:39:29,500 INFO o.a.j.t.JMeterThread: Thread finished: Book api 1-66
2024-06-17 03:39:29,786 INFO o.a.j.t.JMeterThread: Thread started: Book api 1-69
2024-06-17 03:39:30,145 INFO o.a.j.t.JMeterThread: Thread started: Book api 1-70
2024-06-17 03:39:30,210 INFO o.a.j.r.Summariser: summary +     67 in 00:00:25 =    2.7/s Avg:   800 Min:   765 Max:  1188 Err:     0 (0.00%) Active: 4 Started: 70 Finished: 66
2024-06-17 03:39:30,210 INFO o.a.j.t.JMeterThread: Thread is done: Book api 1-68
2024-06-17 03:39:30,210 INFO o.a.j.t.JMeterThread: Thread finished: Book api 1-68
2024-06-17 03:39:30,402 INFO o.a.j.t.JMeterThread: Thread is done: Book api 1-67
2024-06-17 03:39:30,402 INFO o.a.j.t.JMeterThread: Thread finished: Book api 1-67
2024-06-17 03:39:30,506 INFO o.a.j.t.JMeterThread: Thread started: Book api 1-71
2024-06-17 03:39:30,574 INFO o.a.j.t.JMeterThread: Thread is done: Book api 1-69
2024-06-17 03:39:30,574 INFO o.a.j.t.JMeterThread: Thread finished: Book api 1-69
2024-06-17 03:39:30,869 INFO o.a.j.t.JMeterThread: Thread started: Book api 1-72
2024-06-17 03:39:30,935 INFO o.a.j.t.JMeterThread: Thread is done: Book api 1-70
2024-06-17 03:39:30,935 INFO o.a.j.t.JMeterThread: Thread finished: Book api 1-70
2024-06-17 03:39:31,229 INFO o.a.j.t.JMeterThread: Thread started: Book api 1-73
2024-06-17 03:39:31,289 INFO o.a.j.t.JMeterThread: Thread is done: Book api 1-71
2024-06-17 03:39:31,289 INFO o.a.j.t.JMeterThread: Thread finished: Book api 1-71
2024-06-17 03:39:31,589 INFO o.a.j.t.JMeterThread: Thread started: Book api 1-74
2024-06-17 03:39:31,673 INFO o.a.j.t.JMeterThread: Thread is done: Book api 1-72
2024-06-17 03:39:31,674 INFO o.a.j.t.JMeterThread: Thread finished: Book api 1-72
2024-06-17 03:39:31,952 INFO o.a.j.t.JMeterThread: Thread started: Book api 1-75
2024-06-17 03:39:32,010 INFO o.a.j.t.JMeterThread: Thread is done: Book api 1-73
2024-06-17 03:39:32,011 INFO o.a.j.t.JMeterThread: Thread finished: Book api 1-73
2024-06-17 03:39:32,313 INFO o.a.j.t.JMeterThread: Thread started: Book api 1-76
2024-06-17 03:39:32,378 INFO o.a.j.t.JMeterThread: Thread is done: Book api 1-74
2024-06-17 03:39:32,378 INFO o.a.j.t.JMeterThread: Thread finished: Book api 1-74
2024-06-17 03:39:32,672 INFO o.a.j.t.JMeterThread: Thread started: Book api 1-77
2024-06-17 03:39:32,733 INFO o.a.j.t.JMeterThread: Thread is done: Book api 1-75
2024-06-17 03:39:32,733 INFO o.a.j.t.JMeterThread: Thread finished: Book api 1-75
2024-06-17 03:39:33,033 INFO o.a.j.t.JMeterThread: Thread started: Book api 1-78
2024-06-17 03:39:33,113 INFO o.a.j.t.JMeterThread: Thread is done: Book api 1-76
2024-06-17 03:39:33,113 INFO o.a.j.t.JMeterThread: Thread finished: Book api 1-76
2024-06-17 03:39:33,397 INFO o.a.j.t.JMeterThread: Thread started: Book api 1-79
2024-06-17 03:39:33,458 INFO o.a.j.t.JMeterThread: Thread is done: Book api 1-77
2024-06-17 03:39:33,458 INFO o.a.j.t.JMeterThread: Thread finished: Book api 1-77
2024-06-17 03:39:33,756 INFO o.a.j.t.JMeterThread: Thread started: Book api 1-80
2024-06-17 03:39:33,850 INFO o.a.j.t.JMeterThread: Thread is done: Book api 1-78
2024-06-17 03:39:33,850 INFO o.a.j.t.JMeterThread: Thread finished: Book api 1-78
2024-06-17 03:39:34,116 INFO o.a.j.t.JMeterThread: Thread started: Book api 1-81
2024-06-17 03:39:34,222 INFO o.a.j.t.JMeterThread: Thread is done: Book api 1-79
2024-06-17 03:39:34,222 INFO o.a.j.t.JMeterThread: Thread finished: Book api 1-79
2024-06-17 03:39:34,478 INFO o.a.j.t.JMeterThread: Thread started: Book api 1-82
2024-06-17 03:39:34,529 INFO o.a.j.t.JMeterThread: Thread is done: Book api 1-80
2024-06-17 03:39:34,529 INFO o.a.j.t.JMeterThread: Thread finished: Book api 1-80
2024-06-17 03:39:34,839 INFO o.a.j.t.JMeterThread: Thread started: Book api 1-83
2024-06-17 03:39:34,889 INFO o.a.j.t.JMeterThread: Thread is done: Book api 1-81
2024-06-17 03:39:34,889 INFO o.a.j.t.JMeterThread: Thread finished: Book api 1-81
2024-06-17 03:39:35,201 INFO o.a.j.t.JMeterThread: Thread started: Book api 1-84
2024-06-17 03:39:35,284 INFO o.a.j.t.JMeterThread: Thread is done: Book api 1-82
2024-06-17 03:39:35,284 INFO o.a.j.t.JMeterThread: Thread finished: Book api 1-82
2024-06-17 03:39:35,562 INFO o.a.j.t.JMeterThread: Thread started: Book api 1-85
2024-06-17 03:39:35,636 INFO o.a.j.t.JMeterThread: Thread is done: Book api 1-83
2024-06-17 03:39:35,636 INFO o.a.j.t.JMeterThread: Thread finished: Book api 1-83
2024-06-17 03:39:35,923 INFO o.a.j.t.JMeterThread: Thread started: Book api 1-86
2024-06-17 03:39:36,007 INFO o.a.j.t.JMeterThread: Thread is done: Book api 1-84
2024-06-17 03:39:36,007 INFO o.a.j.t.JMeterThread: Thread finished: Book api 1-84
2024-06-17 03:39:36,283 INFO o.a.j.t.JMeterThread: Thread started: Book api 1-87
2024-06-17 03:39:36,361 INFO o.a.j.t.JMeterThread: Thread is done: Book api 1-85
2024-06-17 03:39:36,361 INFO o.a.j.t.JMeterThread: Thread finished: Book api 1-85
2024-06-17 03:39:36,644 INFO o.a.j.t.JMeterThread: Thread started: Book api 1-88
2024-06-17 03:39:36,713 INFO o.a.j.t.JMeterThread: Thread is done: Book api 1-86
2024-06-17 03:39:36,713 INFO o.a.j.t.JMeterThread: Thread finished: Book api 1-86
2024-06-17 03:39:37,005 INFO o.a.j.t.JMeterThread: Thread started: Book api 1-89
2024-06-17 03:39:37,064 INFO o.a.j.t.JMeterThread: Thread is done: Book api 1-87
2024-06-17 03:39:37,064 INFO o.a.j.t.JMeterThread: Thread finished: Book api 1-87
2024-06-17 03:39:37,367 INFO o.a.j.t.JMeterThread: Thread started: Book api 1-90
2024-06-17 03:39:37,444 INFO o.a.j.t.JMeterThread: Thread is done: Book api 1-88
2024-06-17 03:39:37,444 INFO o.a.j.t.JMeterThread: Thread finished: Book api 1-88
2024-06-17 03:39:37,729 INFO o.a.j.t.JMeterThread: Thread started: Book api 1-91
2024-06-17 03:39:37,778 INFO o.a.j.t.JMeterThread: Thread is done: Book api 1-89
2024-06-17 03:39:37,778 INFO o.a.j.t.JMeterThread: Thread finished: Book api 1-89
2024-06-17 03:39:38,088 INFO o.a.j.t.JMeterThread: Thread started: Book api 1-92
2024-06-17 03:39:38,213 INFO o.a.j.t.JMeterThread: Thread is done: Book api 1-90
2024-06-17 03:39:38,214 INFO o.a.j.t.JMeterThread: Thread finished: Book api 1-90
2024-06-17 03:39:38,448 INFO o.a.j.t.JMeterThread: Thread started: Book api 1-93
2024-06-17 03:39:38,526 INFO o.a.j.t.JMeterThread: Thread is done: Book api 1-91
2024-06-17 03:39:38,526 INFO o.a.j.t.JMeterThread: Thread finished: Book api 1-91
2024-06-17 03:39:38,811 INFO o.a.j.t.JMeterThread: Thread started: Book api 1-94
2024-06-17 03:39:38,877 INFO o.a.j.t.JMeterThread: Thread is done: Book api 1-92
2024-06-17 03:39:38,877 INFO o.a.j.t.JMeterThread: Thread finished: Book api 1-92
2024-06-17 03:39:39,171 INFO o.a.j.t.JMeterThread: Thread started: Book api 1-95
2024-06-17 03:39:39,237 INFO o.a.j.t.JMeterThread: Thread is done: Book api 1-93
2024-06-17 03:39:39,237 INFO o.a.j.t.JMeterThread: Thread finished: Book api 1-93
2024-06-17 03:39:39,532 INFO o.a.j.t.JMeterThread: Thread started: Book api 1-96
2024-06-17 03:39:39,666 INFO o.a.j.t.JMeterThread: Thread is done: Book api 1-94
2024-06-17 03:39:39,666 INFO o.a.j.t.JMeterThread: Thread finished: Book api 1-94
2024-06-17 03:39:39,893 INFO o.a.j.t.JMeterThread: Thread started: Book api 1-97
2024-06-17 03:39:40,000 INFO o.a.j.t.JMeterThread: Thread is done: Book api 1-95
2024-06-17 03:39:40,000 INFO o.a.j.t.JMeterThread: Thread finished: Book api 1-95
2024-06-17 03:39:40,254 INFO o.a.j.t.JMeterThread: Thread started: Book api 1-98
2024-06-17 03:39:40,354 INFO o.a.j.t.JMeterThread: Thread is done: Book api 1-96
2024-06-17 03:39:40,354 INFO o.a.j.t.JMeterThread: Thread finished: Book api 1-96
2024-06-17 03:39:40,617 INFO o.a.j.t.JMeterThread: Thread started: Book api 1-99
2024-06-17 03:39:40,670 INFO o.a.j.t.JMeterThread: Thread is done: Book api 1-97
2024-06-17 03:39:40,670 INFO o.a.j.t.JMeterThread: Thread finished: Book api 1-97
2024-06-17 03:39:40,977 INFO o.a.j.t.JMeterThread: Thread started: Book api 1-100
2024-06-17 03:39:41,026 INFO o.a.j.t.JMeterThread: Thread is done: Book api 1-98
2024-06-17 03:39:41,027 INFO o.a.j.t.JMeterThread: Thread finished: Book api 1-98
2024-06-17 03:39:41,336 INFO o.a.j.t.JMeterThread: Thread started: Book api 1-101
2024-06-17 03:39:41,420 INFO o.a.j.t.JMeterThread: Thread is done: Book api 1-99
2024-06-17 03:39:41,421 INFO o.a.j.t.JMeterThread: Thread finished: Book api 1-99
2024-06-17 03:39:41,699 INFO o.a.j.t.JMeterThread: Thread started: Book api 1-102
2024-06-17 03:39:41,770 INFO o.a.j.t.JMeterThread: Thread is done: Book api 1-100
2024-06-17 03:39:41,770 INFO o.a.j.t.JMeterThread: Thread finished: Book api 1-100
2024-06-17 03:39:42,059 INFO o.a.j.t.JMeterThread: Thread started: Book api 1-103
2024-06-17 03:39:42,135 INFO o.a.j.t.JMeterThread: Thread is done: Book api 1-101
2024-06-17 03:39:42,135 INFO o.a.j.t.JMeterThread: Thread finished: Book api 1-101
2024-06-17 03:39:42,423 INFO o.a.j.t.JMeterThread: Thread started: Book api 1-104
2024-06-17 03:39:42,495 INFO o.a.j.t.JMeterThread: Thread is done: Book api 1-102
2024-06-17 03:39:42,495 INFO o.a.j.t.JMeterThread: Thread finished: Book api 1-102
2024-06-17 03:39:42,782 INFO o.a.j.t.JMeterThread: Thread started: Book api 1-105
2024-06-17 03:39:42,879 INFO o.a.j.t.JMeterThread: Thread is done: Book api 1-103
2024-06-17 03:39:42,879 INFO o.a.j.t.JMeterThread: Thread finished: Book api 1-103
2024-06-17 03:39:43,142 INFO o.a.j.t.JMeterThread: Thread started: Book api 1-106
2024-06-17 03:39:43,210 INFO o.a.j.t.JMeterThread: Thread is done: Book api 1-104
2024-06-17 03:39:43,210 INFO o.a.j.t.JMeterThread: Thread finished: Book api 1-104
2024-06-17 03:39:43,503 INFO o.a.j.t.JMeterThread: Thread started: Book api 1-107
2024-06-17 03:39:43,588 INFO o.a.j.t.JMeterThread: Thread is done: Book api 1-105
2024-06-17 03:39:43,588 INFO o.a.j.t.JMeterThread: Thread finished: Book api 1-105
2024-06-17 03:39:43,864 INFO o.a.j.t.JMeterThread: Thread started: Book api 1-108
2024-06-17 03:39:43,931 INFO o.a.j.t.JMeterThread: Thread is done: Book api 1-106
2024-06-17 03:39:43,931 INFO o.a.j.t.JMeterThread: Thread finished: Book api 1-106
2024-06-17 03:39:44,224 INFO o.a.j.t.JMeterThread: Thread started: Book api 1-109
2024-06-17 03:39:44,288 INFO o.a.j.t.JMeterThread: Thread is done: Book api 1-107
2024-06-17 03:39:44,288 INFO o.a.j.t.JMeterThread: Thread finished: Book api 1-107
2024-06-17 03:39:44,585 INFO o.a.j.t.JMeterThread: Thread started: Book api 1-110
2024-06-17 03:39:44,652 INFO o.a.j.t.JMeterThread: Thread is done: Book api 1-108
2024-06-17 03:39:44,653 INFO o.a.j.t.JMeterThread: Thread finished: Book api 1-108
2024-06-17 03:39:44,948 INFO o.a.j.t.JMeterThread: Thread started: Book api 1-111
2024-06-17 03:39:44,996 INFO o.a.j.t.JMeterThread: Thread is done: Book api 1-109
2024-06-17 03:39:44,996 INFO o.a.j.t.JMeterThread: Thread finished: Book api 1-109
2024-06-17 03:39:45,309 INFO o.a.j.t.JMeterThread: Thread started: Book api 1-112
2024-06-17 03:39:45,377 INFO o.a.j.t.JMeterThread: Thread is done: Book api 1-110
2024-06-17 03:39:45,377 INFO o.a.j.t.JMeterThread: Thread finished: Book api 1-110
2024-06-17 03:39:45,669 INFO o.a.j.t.JMeterThread: Thread started: Book api 1-113
2024-06-17 03:39:45,741 INFO o.a.j.t.JMeterThread: Thread is done: Book api 1-111
2024-06-17 03:39:45,741 INFO o.a.j.t.JMeterThread: Thread finished: Book api 1-111
2024-06-17 03:39:46,029 INFO o.a.j.t.JMeterThread: Thread started: Book api 1-114
2024-06-17 03:39:46,120 INFO o.a.j.t.JMeterThread: Thread is done: Book api 1-112
2024-06-17 03:39:46,120 INFO o.a.j.t.JMeterThread: Thread finished: Book api 1-112
2024-06-17 03:39:46,392 INFO o.a.j.t.JMeterThread: Thread started: Book api 1-115
2024-06-17 03:39:46,450 INFO o.a.j.t.JMeterThread: Thread is done: Book api 1-113
2024-06-17 03:39:46,451 INFO o.a.j.t.JMeterThread: Thread finished: Book api 1-113
2024-06-17 03:39:46,753 INFO o.a.j.t.JMeterThread: Thread started: Book api 1-116
2024-06-17 03:39:46,820 INFO o.a.j.t.JMeterThread: Thread is done: Book api 1-114
2024-06-17 03:39:46,821 INFO o.a.j.t.JMeterThread: Thread finished: Book api 1-114
2024-06-17 03:39:47,112 INFO o.a.j.t.JMeterThread: Thread started: Book api 1-117
2024-06-17 03:39:47,174 INFO o.a.j.t.JMeterThread: Thread is done: Book api 1-115
2024-06-17 03:39:47,174 INFO o.a.j.t.JMeterThread: Thread finished: Book api 1-115
2024-06-17 03:39:47,473 INFO o.a.j.t.JMeterThread: Thread started: Book api 1-118
2024-06-17 03:39:47,527 INFO o.a.j.t.JMeterThread: Thread is done: Book api 1-116
2024-06-17 03:39:47,527 INFO o.a.j.t.JMeterThread: Thread finished: Book api 1-116
2024-06-17 03:39:47,836 INFO o.a.j.t.JMeterThread: Thread started: Book api 1-119
2024-06-17 03:39:47,885 INFO o.a.j.t.JMeterThread: Thread is done: Book api 1-117
2024-06-17 03:39:47,885 INFO o.a.j.t.JMeterThread: Thread finished: Book api 1-117
2024-06-17 03:39:48,201 INFO o.a.j.t.JMeterThread: Thread started: Book api 1-120
2024-06-17 03:39:48,248 INFO o.a.j.t.JMeterThread: Thread is done: Book api 1-118
2024-06-17 03:39:48,248 INFO o.a.j.t.JMeterThread: Thread finished: Book api 1-118
2024-06-17 03:39:48,557 INFO o.a.j.t.JMeterThread: Thread started: Book api 1-121
2024-06-17 03:39:48,613 INFO o.a.j.t.JMeterThread: Thread is done: Book api 1-119
2024-06-17 03:39:48,613 INFO o.a.j.t.JMeterThread: Thread finished: Book api 1-119
2024-06-17 03:39:48,918 INFO o.a.j.t.JMeterThread: Thread started: Book api 1-122
2024-06-17 03:39:48,986 INFO o.a.j.t.JMeterThread: Thread is done: Book api 1-120
2024-06-17 03:39:48,986 INFO o.a.j.t.JMeterThread: Thread finished: Book api 1-120
2024-06-17 03:39:49,280 INFO o.a.j.t.JMeterThread: Thread started: Book api 1-123
2024-06-17 03:39:49,352 INFO o.a.j.t.JMeterThread: Thread is done: Book api 1-121
2024-06-17 03:39:49,353 INFO o.a.j.t.JMeterThread: Thread finished: Book api 1-121
2024-06-17 03:39:49,639 INFO o.a.j.t.JMeterThread: Thread started: Book api 1-124
2024-06-17 03:39:49,713 INFO o.a.j.t.JMeterThread: Thread is done: Book api 1-122
2024-06-17 03:39:49,714 INFO o.a.j.t.JMeterThread: Thread finished: Book api 1-122
2024-06-17 03:39:50,003 INFO o.a.j.t.JMeterThread: Thread started: Book api 1-125
2024-06-17 03:39:50,108 INFO o.a.j.t.JMeterThread: Thread is done: Book api 1-123
2024-06-17 03:39:50,108 INFO o.a.j.t.JMeterThread: Thread finished: Book api 1-123
2024-06-17 03:39:50,363 INFO o.a.j.t.JMeterThread: Thread started: Book api 1-126
2024-06-17 03:39:50,449 INFO o.a.j.t.JMeterThread: Thread is done: Book api 1-124
2024-06-17 03:39:50,450 INFO o.a.j.t.JMeterThread: Thread finished: Book api 1-124
2024-06-17 03:39:50,722 INFO o.a.j.t.JMeterThread: Thread started: Book api 1-127
2024-06-17 03:39:50,812 INFO o.a.j.t.JMeterThread: Thread is done: Book api 1-125
2024-06-17 03:39:50,812 INFO o.a.j.t.JMeterThread: Thread finished: Book api 1-125
2024-06-17 03:39:51,084 INFO o.a.j.t.JMeterThread: Thread started: Book api 1-128
2024-06-17 03:39:51,156 INFO o.a.j.t.JMeterThread: Thread is done: Book api 1-126
2024-06-17 03:39:51,156 INFO o.a.j.t.JMeterThread: Thread finished: Book api 1-126
2024-06-17 03:39:51,445 INFO o.a.j.t.JMeterThread: Thread started: Book api 1-129
2024-06-17 03:39:51,519 INFO o.a.j.t.JMeterThread: Thread is done: Book api 1-127
2024-06-17 03:39:51,519 INFO o.a.j.t.JMeterThread: Thread finished: Book api 1-127
2024-06-17 03:39:51,806 INFO o.a.j.t.JMeterThread: Thread started: Book api 1-130
2024-06-17 03:39:51,891 INFO o.a.j.t.JMeterThread: Thread is done: Book api 1-128
2024-06-17 03:39:51,892 INFO o.a.j.t.JMeterThread: Thread finished: Book api 1-128
2024-06-17 03:39:52,166 INFO o.a.j.t.JMeterThread: Thread started: Book api 1-131
2024-06-17 03:39:52,234 INFO o.a.j.t.JMeterThread: Thread is done: Book api 1-129
2024-06-17 03:39:52,234 INFO o.a.j.t.JMeterThread: Thread finished: Book api 1-129
2024-06-17 03:39:52,527 INFO o.a.j.t.JMeterThread: Thread started: Book api 1-132
2024-06-17 03:39:52,605 INFO o.a.j.t.JMeterThread: Thread is done: Book api 1-130
2024-06-17 03:39:52,605 INFO o.a.j.t.JMeterThread: Thread finished: Book api 1-130
2024-06-17 03:39:52,890 INFO o.a.j.t.JMeterThread: Thread started: Book api 1-133
2024-06-17 03:39:52,948 INFO o.a.j.t.JMeterThread: Thread is done: Book api 1-131
2024-06-17 03:39:52,948 INFO o.a.j.t.JMeterThread: Thread finished: Book api 1-131
2024-06-17 03:39:53,249 INFO o.a.j.t.JMeterThread: Thread started: Book api 1-134
2024-06-17 03:39:53,313 INFO o.a.j.t.JMeterThread: Thread is done: Book api 1-132
2024-06-17 03:39:53,314 INFO o.a.j.t.JMeterThread: Thread finished: Book api 1-132
2024-06-17 03:39:53,610 INFO o.a.j.t.JMeterThread: Thread started: Book api 1-135
2024-06-17 03:39:53,671 INFO o.a.j.t.JMeterThread: Thread is done: Book api 1-133
2024-06-17 03:39:53,671 INFO o.a.j.t.JMeterThread: Thread finished: Book api 1-133
2024-06-17 03:39:53,972 INFO o.a.j.t.JMeterThread: Thread started: Book api 1-136
2024-06-17 03:39:54,042 INFO o.a.j.t.JMeterThread: Thread is done: Book api 1-134
2024-06-17 03:39:54,042 INFO o.a.j.t.JMeterThread: Thread finished: Book api 1-134
2024-06-17 03:39:54,333 INFO o.a.j.t.JMeterThread: Thread started: Book api 1-137
2024-06-17 03:39:54,394 INFO o.a.j.t.JMeterThread: Thread is done: Book api 1-135
2024-06-17 03:39:54,394 INFO o.a.j.t.JMeterThread: Thread finished: Book api 1-135
2024-06-17 03:39:54,693 INFO o.a.j.t.JMeterThread: Thread started: Book api 1-138
2024-06-17 03:39:54,746 INFO o.a.j.t.JMeterThread: Thread is done: Book api 1-136
2024-06-17 03:39:54,746 INFO o.a.j.t.JMeterThread: Thread finished: Book api 1-136
2024-06-17 03:39:55,054 INFO o.a.j.t.JMeterThread: Thread started: Book api 1-139
2024-06-17 03:39:55,119 INFO o.a.j.t.JMeterThread: Thread is done: Book api 1-137
2024-06-17 03:39:55,119 INFO o.a.j.t.JMeterThread: Thread finished: Book api 1-137
2024-06-17 03:39:55,418 INFO o.a.j.t.JMeterThread: Thread started: Book api 1-140
2024-06-17 03:39:55,474 INFO o.a.j.t.JMeterThread: Thread is done: Book api 1-138
2024-06-17 03:39:55,474 INFO o.a.j.t.JMeterThread: Thread finished: Book api 1-138
2024-06-17 03:39:55,777 INFO o.a.j.t.JMeterThread: Thread started: Book api 1-141
2024-06-17 03:39:55,849 INFO o.a.j.t.JMeterThread: Thread is done: Book api 1-139
2024-06-17 03:39:55,849 INFO o.a.j.t.JMeterThread: Thread finished: Book api 1-139
2024-06-17 03:39:56,139 INFO o.a.j.t.JMeterThread: Thread started: Book api 1-142
2024-06-17 03:39:56,220 INFO o.a.j.t.JMeterThread: Thread is done: Book api 1-140
2024-06-17 03:39:56,220 INFO o.a.j.t.JMeterThread: Thread finished: Book api 1-140
2024-06-17 03:39:56,499 INFO o.a.j.t.JMeterThread: Thread started: Book api 1-143
2024-06-17 03:39:56,542 INFO o.a.j.t.JMeterThread: Thread is done: Book api 1-141
2024-06-17 03:39:56,542 INFO o.a.j.t.JMeterThread: Thread finished: Book api 1-141
2024-06-17 03:39:56,861 INFO o.a.j.t.JMeterThread: Thread started: Book api 1-144
2024-06-17 03:39:56,942 INFO o.a.j.t.JMeterThread: Thread is done: Book api 1-142
2024-06-17 03:39:56,943 INFO o.a.j.t.JMeterThread: Thread finished: Book api 1-142
2024-06-17 03:39:57,222 INFO o.a.j.t.JMeterThread: Thread started: Book api 1-145
2024-06-17 03:39:57,294 INFO o.a.j.t.JMeterThread: Thread is done: Book api 1-143
2024-06-17 03:39:57,294 INFO o.a.j.t.JMeterThread: Thread finished: Book api 1-143
2024-06-17 03:39:57,584 INFO o.a.j.t.JMeterThread: Thread started: Book api 1-146
2024-06-17 03:39:57,640 INFO o.a.j.t.JMeterThread: Thread is done: Book api 1-144
2024-06-17 03:39:57,640 INFO o.a.j.t.JMeterThread: Thread finished: Book api 1-144
2024-06-17 03:39:57,944 INFO o.a.j.t.JMeterThread: Thread started: Book api 1-147
2024-06-17 03:39:58,011 INFO o.a.j.t.JMeterThread: Thread is done: Book api 1-145
2024-06-17 03:39:58,011 INFO o.a.j.t.JMeterThread: Thread finished: Book api 1-145
2024-06-17 03:39:58,303 INFO o.a.j.t.JMeterThread: Thread started: Book api 1-148
2024-06-17 03:39:58,364 INFO o.a.j.t.JMeterThread: Thread is done: Book api 1-146
2024-06-17 03:39:58,365 INFO o.a.j.t.JMeterThread: Thread finished: Book api 1-146
2024-06-17 03:39:58,665 INFO o.a.j.t.JMeterThread: Thread started: Book api 1-149
2024-06-17 03:39:58,739 INFO o.a.j.t.JMeterThread: Thread is done: Book api 1-147
2024-06-17 03:39:58,739 INFO o.a.j.t.JMeterThread: Thread finished: Book api 1-147
2024-06-17 03:39:59,032 INFO o.a.j.t.JMeterThread: Thread started: Book api 1-150
2024-06-17 03:39:59,093 INFO o.a.j.t.JMeterThread: Thread is done: Book api 1-148
2024-06-17 03:39:59,093 INFO o.a.j.t.JMeterThread: Thread finished: Book api 1-148
2024-06-17 03:39:59,387 INFO o.a.j.t.JMeterThread: Thread started: Book api 1-151
2024-06-17 03:39:59,441 INFO o.a.j.t.JMeterThread: Thread is done: Book api 1-149
2024-06-17 03:39:59,441 INFO o.a.j.t.JMeterThread: Thread finished: Book api 1-149
2024-06-17 03:39:59,747 INFO o.a.j.t.JMeterThread: Thread started: Book api 1-152
2024-06-17 03:39:59,821 INFO o.a.j.t.JMeterThread: Thread is done: Book api 1-150
2024-06-17 03:39:59,821 INFO o.a.j.t.JMeterThread: Thread finished: Book api 1-150
2024-06-17 03:40:00,108 INFO o.a.j.t.JMeterThread: Thread started: Book api 1-153
2024-06-17 03:40:00,194 INFO o.a.j.r.Summariser: summary +     84 in 00:00:30 =    2.8/s Avg:   798 Min:   764 Max:  1338 Err:     0 (0.00%) Active: 3 Started: 153 Finished: 150
2024-06-17 03:40:00,195 INFO o.a.j.r.Summariser: summary =    151 in 00:00:55 =    2.7/s Avg:   799 Min:   764 Max:  1338 Err:     0 (0.00%)
2024-06-17 03:40:00,195 INFO o.a.j.t.JMeterThread: Thread is done: Book api 1-151
2024-06-17 03:40:00,195 INFO o.a.j.t.JMeterThread: Thread finished: Book api 1-151
2024-06-17 03:40:00,470 INFO o.a.j.t.JMeterThread: Thread started: Book api 1-154
2024-06-17 03:40:00,547 INFO o.a.j.t.JMeterThread: Thread is done: Book api 1-152
2024-06-17 03:40:00,548 INFO o.a.j.t.JMeterThread: Thread finished: Book api 1-152
2024-06-17 03:40:00,831 INFO o.a.j.t.JMeterThread: Thread started: Book api 1-155
2024-06-17 03:40:00,901 INFO o.a.j.t.JMeterThread: Thread is done: Book api 1-153
2024-06-17 03:40:00,901 INFO o.a.j.t.JMeterThread: Thread finished: Book api 1-153
2024-06-17 03:40:01,192 INFO o.a.j.t.JMeterThread: Thread started: Book api 1-156
2024-06-17 03:40:01,255 INFO o.a.j.t.JMeterThread: Thread is done: Book api 1-154
2024-06-17 03:40:01,255 INFO o.a.j.t.JMeterThread: Thread finished: Book api 1-154
2024-06-17 03:40:01,553 INFO o.a.j.t.JMeterThread: Thread started: Book api 1-157
2024-06-17 03:40:01,653 INFO o.a.j.t.JMeterThread: Thread is done: Book api 1-155
2024-06-17 03:40:01,653 INFO o.a.j.t.JMeterThread: Thread finished: Book api 1-155
2024-06-17 03:40:01,913 INFO o.a.j.t.JMeterThread: Thread started: Book api 1-158
2024-06-17 03:40:01,978 INFO o.a.j.t.JMeterThread: Thread is done: Book api 1-156
2024-06-17 03:40:01,979 INFO o.a.j.t.JMeterThread: Thread finished: Book api 1-156
2024-06-17 03:40:02,275 INFO o.a.j.t.JMeterThread: Thread started: Book api 1-159
2024-06-17 03:40:02,408 INFO o.a.j.t.JMeterThread: Thread is done: Book api 1-157
2024-06-17 03:40:02,408 INFO o.a.j.t.JMeterThread: Thread finished: Book api 1-157
2024-06-17 03:40:02,636 INFO o.a.j.t.JMeterThread: Thread started: Book api 1-160
2024-06-17 03:40:02,687 INFO o.a.j.t.JMeterThread: Thread is done: Book api 1-158
2024-06-17 03:40:02,687 INFO o.a.j.t.JMeterThread: Thread finished: Book api 1-158
2024-06-17 03:40:02,998 INFO o.a.j.t.JMeterThread: Thread started: Book api 1-161
2024-06-17 03:40:03,080 INFO o.a.j.t.JMeterThread: Thread is done: Book api 1-159
2024-06-17 03:40:03,081 INFO o.a.j.t.JMeterThread: Thread finished: Book api 1-159
2024-06-17 03:40:03,358 INFO o.a.j.t.JMeterThread: Thread started: Book api 1-162
2024-06-17 03:40:03,443 INFO o.a.j.t.JMeterThread: Thread is done: Book api 1-160
2024-06-17 03:40:03,443 INFO o.a.j.t.JMeterThread: Thread finished: Book api 1-160
2024-06-17 03:40:03,718 INFO o.a.j.t.JMeterThread: Thread started: Book api 1-163
2024-06-17 03:40:03,802 INFO o.a.j.t.JMeterThread: Thread is done: Book api 1-161
2024-06-17 03:40:03,802 INFO o.a.j.t.JMeterThread: Thread finished: Book api 1-161
2024-06-17 03:40:04,081 INFO o.a.j.t.JMeterThread: Thread started: Book api 1-164
2024-06-17 03:40:04,161 INFO o.a.j.t.JMeterThread: Thread is done: Book api 1-162
2024-06-17 03:40:04,161 INFO o.a.j.t.JMeterThread: Thread finished: Book api 1-162
2024-06-17 03:40:04,441 INFO o.a.j.t.JMeterThread: Thread started: Book api 1-165
2024-06-17 03:40:04,520 INFO o.a.j.t.JMeterThread: Thread is done: Book api 1-163
2024-06-17 03:40:04,521 INFO o.a.j.t.JMeterThread: Thread finished: Book api 1-163
2024-06-17 03:40:04,801 INFO o.a.j.t.JMeterThread: Thread started: Book api 1-166
2024-06-17 03:40:04,882 INFO o.a.j.t.JMeterThread: Thread is done: Book api 1-164
2024-06-17 03:40:04,883 INFO o.a.j.t.JMeterThread: Thread finished: Book api 1-164
2024-06-17 03:40:05,246 INFO o.a.j.t.JMeterThread: Thread is done: Book api 1-165
2024-06-17 03:40:05,246 INFO o.a.j.t.JMeterThread: Thread finished: Book api 1-165
2024-06-17 03:40:05,586 INFO o.a.j.t.JMeterThread: Thread is done: Book api 1-166
2024-06-17 03:40:05,587 INFO o.a.j.t.JMeterThread: Thread finished: Book api 1-166
2024-06-17 03:40:05,587 INFO o.a.j.e.StandardJMeterEngine: Notifying test listeners of end of test
2024-06-17 03:40:05,588 INFO o.a.j.r.Summariser: summary +     15 in 00:00:05 =    2.8/s Avg:   801 Min:   773 Max:   855 Err:     0 (0.00%) Active: 0 Started: 166 Finished: 166
2024-06-17 03:40:05,588 INFO o.a.j.r.Summariser: summary =    166 in 00:01:00 =    2.7/s Avg:   799 Min:   764 Max:  1338 Err:     0 (0.00%)
2024-06-17 03:40:05,589 INFO o.a.j.JMeter: Generating Dashboard
2024-06-17 03:40:05,589 INFO o.a.j.r.d.ReportGenerator: Flushing result collector before report Generation
2024-06-17 03:40:05,607 INFO o.a.j.r.p.NormalizerSampleConsumer: Using format, 'ms', to parse timeStamp field
2024-06-17 03:40:05,724 INFO o.a.j.r.p.AbstractSampleConsumer: class org.apache.jmeter.report.processor.AggregateConsumer#stopProducing(): beginDate produced 0 samples
2024-06-17 03:40:05,724 INFO o.a.j.r.p.AbstractSampleConsumer: class org.apache.jmeter.report.processor.AggregateConsumer#stopProducing(): endDate produced 0 samples
2024-06-17 03:40:05,728 INFO o.a.j.r.p.AbstractSampleConsumer: class org.apache.jmeter.report.processor.ApdexSummaryConsumer#stopProducing(): apdexSummary produced 0 samples
2024-06-17 03:40:05,728 INFO o.a.j.r.p.AbstractSampleConsumer: class org.apache.jmeter.report.processor.RequestsSummaryConsumer#stopProducing(): requestsSummary produced 0 samples
2024-06-17 03:40:05,732 INFO o.a.j.r.p.AbstractSampleConsumer: class org.apache.jmeter.report.processor.StatisticsSummaryConsumer#stopProducing(): statisticsSummary produced 0 samples
2024-06-17 03:40:05,734 INFO o.a.j.r.p.AbstractSampleConsumer: class org.apache.jmeter.report.processor.Top5ErrorsBySamplerConsumer#stopProducing(): top5ErrorsBySampler produced 0 samples
2024-06-17 03:40:05,734 INFO o.a.j.r.p.AbstractSampleConsumer: class org.apache.jmeter.report.processor.ErrorsSummaryConsumer#stopProducing(): errorsSummary produced 0 samples
2024-06-17 03:40:05,734 INFO o.a.j.r.p.AbstractSampleConsumer: class org.apache.jmeter.report.processor.graph.impl.HitsPerSecondGraphConsumer#stopProducing(): hitsPerSecond produced 0 samples
2024-06-17 03:40:05,763 INFO o.a.j.r.p.AbstractSampleConsumer: class org.apache.jmeter.report.processor.graph.impl.LatencyVSRequestGraphConsumer#stopProducing(): latencyVsRequest produced 0 samples
2024-06-17 03:40:05,763 INFO o.a.j.r.p.AbstractSampleConsumer: class org.apache.jmeter.report.processor.graph.impl.SyntheticResponseTimeDistributionGraphConsumer#stopProducing(): syntheticResponseTimeDistribution produced 0 samples
2024-06-17 03:40:05,763 INFO o.a.j.r.p.AbstractSampleConsumer: class org.apache.jmeter.report.processor.graph.impl.BytesThroughputGraphConsumer#stopProducing(): bytesThroughputOverTime produced 0 samples
2024-06-17 03:40:05,763 INFO o.a.j.r.p.AbstractSampleConsumer: class org.apache.jmeter.report.processor.graph.impl.CodesPerSecondGraphConsumer#stopProducing(): codesPerSecond produced 0 samples
2024-06-17 03:40:05,776 INFO o.a.j.r.p.AbstractSampleConsumer: class org.apache.jmeter.report.processor.graph.impl.ResponseTimeVSRequestGraphConsumer#stopProducing(): responseTimeVsRequest produced 0 samples
2024-06-17 03:40:05,777 INFO o.a.j.r.p.AbstractSampleConsumer: class org.apache.jmeter.report.processor.FilterConsumer#stopProducing(): startIntervalControlerFilter produced 1162 samples
2024-06-17 03:40:05,777 INFO o.a.j.r.p.AbstractSampleConsumer: class org.apache.jmeter.report.processor.graph.impl.TotalTPSGraphConsumer#stopProducing(): totalTPS produced 0 samples
2024-06-17 03:40:05,777 INFO o.a.j.r.p.AbstractSampleConsumer: class org.apache.jmeter.report.processor.graph.impl.ActiveThreadsGraphConsumer#stopProducing(): activeThreadsOverTime produced 0 samples
2024-06-17 03:40:05,777 INFO o.a.j.r.p.AbstractSampleConsumer: class org.apache.jmeter.report.processor.graph.impl.TimeVSThreadGraphConsumer#stopProducing(): timeVsThreads produced 0 samples
2024-06-17 03:40:05,777 INFO o.a.j.r.p.AbstractSampleConsumer: class org.apache.jmeter.report.processor.graph.impl.ResponseTimeDistributionGraphConsumer#stopProducing(): responseTimeDistribution produced 0 samples
2024-06-17 03:40:05,777 INFO o.a.j.r.p.AbstractSampleConsumer: class org.apache.jmeter.report.processor.graph.impl.TransactionsPerSecondGraphConsumer#stopProducing(): transactionsPerSecond produced 0 samples
2024-06-17 03:40:05,777 INFO o.a.j.r.p.AbstractSampleConsumer: class org.apache.jmeter.report.processor.graph.impl.ResponseTimePercentilesGraphConsumer#stopProducing(): responseTimePercentiles produced 0 samples
2024-06-17 03:40:05,778 INFO o.a.j.r.p.AbstractSampleConsumer: class org.apache.jmeter.report.processor.graph.impl.ResponseTimePercentilesOverTimeGraphConsumer#stopProducing(): responseTimePercentilesOverTime produced 0 samples
2024-06-17 03:40:05,778 INFO o.a.j.r.p.AbstractSampleConsumer: class org.apache.jmeter.report.processor.graph.impl.ResponseTimeOverTimeGraphConsumer#stopProducing(): responseTimesOverTime produced 0 samples
2024-06-17 03:40:05,778 INFO o.a.j.r.p.AbstractSampleConsumer: class org.apache.jmeter.report.processor.graph.impl.ConnectTimeOverTimeGraphConsumer#stopProducing(): connectTimeOverTime produced 0 samples
2024-06-17 03:40:05,779 INFO o.a.j.r.p.AbstractSampleConsumer: class org.apache.jmeter.report.processor.graph.impl.LatencyOverTimeGraphConsumer#stopProducing(): latenciesOverTime produced 0 samples
2024-06-17 03:40:05,779 INFO o.a.j.r.p.AbstractSampleConsumer: class org.apache.jmeter.report.processor.FilterConsumer#stopProducing(): nameFilter produced 2490 samples
2024-06-17 03:40:05,779 INFO o.a.j.r.p.AbstractSampleConsumer: class org.apache.jmeter.report.processor.FilterConsumer#stopProducing(): dateRangeFilter produced 498 samples
2024-06-17 03:40:05,779 INFO o.a.j.r.p.AbstractSampleConsumer: class org.apache.jmeter.report.processor.NormalizerSampleConsumer#stopProducing(): normalizer produced 166 samples
2024-06-17 03:40:05,779 INFO o.a.j.r.p.CsvFileSampleSource: produce(): 166 samples produced in 150ms on channel 0
2024-06-17 03:40:05,779 INFO o.a.j.r.d.ReportGenerator: Exporting data using exporter:'json' of className:'org.apache.jmeter.report.dashboard.JsonExporter'
2024-06-17 03:40:05,866 INFO o.a.j.r.d.JsonExporter: Found data for consumer statisticsSummaryin context
2024-06-17 03:40:05,866 INFO o.a.j.r.d.JsonExporter: Creating statistics for overall
2024-06-17 03:40:05,866 INFO o.a.j.r.d.JsonExporter: Creating statistics for other transactions
2024-06-17 03:40:05,867 INFO o.a.j.r.d.JsonExporter: Checking output folder
2024-06-17 03:40:05,868 INFO o.a.j.r.d.JsonExporter: Writing statistics JSON to E:\apache-jmeter-5.6.3\bin\Load test 11\Reports\statistics.json
2024-06-17 03:40:05,913 INFO o.a.j.r.d.ReportGenerator: Exporting data using exporter:'html' of className:'org.apache.jmeter.report.dashboard.HtmlTemplateExporter'
2024-06-17 03:40:05,915 INFO o.a.j.r.d.HtmlTemplateExporter: Will generate dashboard in folder: E:\apache-jmeter-5.6.3\bin\Load test 11\Reports
2024-06-17 03:40:06,040 INFO o.a.j.r.d.HtmlTemplateExporter: Report will be generated in: E:\apache-jmeter-5.6.3\bin\Load test 11\Reports, creating folder structure
2024-06-17 03:40:06,042 INFO o.a.j.r.d.TemplateVisitor: Copying folder from 'E:\apache-jmeter-5.6.3\bin\report-template' to 'E:\apache-jmeter-5.6.3\bin\Load test 11\Reports', got message: E:\apache-jmeter-5.6.3\bin\Load test 11\Reports, found non empty folder with following content [E:\apache-jmeter-5.6.3\bin\Load test 11\Reports\statistics.json], will be ignored
2024-06-17 03:40:06,287 INFO o.a.j.JMeter: Dashboard generated
